<?xml version="1.0" encoding="UTF-8"?>
<!-- Generated by org.testng.reporters.JUnitXMLReporter -->
<testsuite ignored="0" hostname="THIRU" failures="1" tests="2" name="Test(failed)" time="20.548" errors="0" timestamp="2024-03-02T20:34:55 IST">
  <testcase classname="testcases.TC_001_Verifyaccountregistration" name="account_page" time="10.656">
    <failure type="java.lang.AssertionError" message="expected [Your Account Has Been Created!] but found [Your Account Has Been Created!!]">
      <![CDATA[java.lang.AssertionError: expected [Your Account Has Been Created!] but found [Your Account Has Been Created!!]
at testcases.TC_001_Verifyaccountregistration.account_page(TC_001_Verifyaccountregistration.java:50)
at java.base/java.util.ArrayList.forEach(ArrayList.java:1511)
... Removed 33 stack frames]]>
    </failure>
  </testcase> <!-- account_page -->
  <testcase classname="testcases.TC_002_Verifylogin" name="logintest" time="2.675"/>
</testsuite> <!-- Test(failed) -->
