<?xml version="1.0" encoding="UTF-8"?>
<testng-results ignored="0" total="2" passed="2" failed="0" skipped="0">
  <reporter-output>
  </reporter-output>
  <suite started-at="2024-03-05T20:08:24 IST" name="Suite" finished-at="2024-03-05T20:08:42 IST" duration-ms="18409">
    <groups>
      <group name="regression">
        <method signature="TC_002_Verifylogin.logintest()[pri:0, instance:testcases.TC_002_Verifylogin@1aa7ecca]" name="logintest" class="testcases.TC_002_Verifylogin"/>
      </group> <!-- regression -->
      <group name="sanity">
        <method signature="TC_001_Verifyaccountregistration.account_page()[pri:0, instance:testcases.TC_001_Verifyaccountregistration@79924b]" name="account_page" class="testcases.TC_001_Verifyaccountregistration"/>
      </group> <!-- sanity -->
      <group name="master">
        <method signature="TC_001_Verifyaccountregistration.account_page()[pri:0, instance:testcases.TC_001_Verifyaccountregistration@79924b]" name="account_page" class="testcases.TC_001_Verifyaccountregistration"/>
        <method signature="TC_002_Verifylogin.logintest()[pri:0, instance:testcases.TC_002_Verifylogin@1aa7ecca]" name="logintest" class="testcases.TC_002_Verifylogin"/>
      </group> <!-- master -->
    </groups>
    <test started-at="2024-03-05T20:08:24 IST" name="Test" finished-at="2024-03-05T20:08:42 IST" duration-ms="18409">
      <class name="testcases.TC_001_Verifyaccountregistration">
        <test-method is-config="true" signature="setup(java.lang.String,java.lang.String)[pri:0, instance:testcases.TC_001_Verifyaccountregistration@79924b]" started-at="2024-03-05T20:08:24 IST" name="setup" finished-at="2024-03-05T20:08:28 IST" duration-ms="4206" status="PASS">
          <params>
            <param index="0">
              <value>
                <![CDATA[windows]]>
              </value>
            </param>
            <param index="1">
              <value>
                <![CDATA[chrome]]>
              </value>
            </param>
          </params>
          <reporter-output>
          </reporter-output>
        </test-method> <!-- setup -->
        <test-method signature="account_page()[pri:0, instance:testcases.TC_001_Verifyaccountregistration@79924b]" started-at="2024-03-05T20:08:28 IST" name="account_page" finished-at="2024-03-05T20:08:38 IST" duration-ms="9580" status="PASS">
          <reporter-output>
          </reporter-output>
        </test-method> <!-- account_page -->
      </class> <!-- testcases.TC_001_Verifyaccountregistration -->
      <class name="testcases.TC_002_Verifylogin">
        <test-method is-config="true" signature="setup(java.lang.String,java.lang.String)[pri:0, instance:testcases.TC_002_Verifylogin@1aa7ecca]" started-at="2024-03-05T20:08:38 IST" name="setup" finished-at="2024-03-05T20:08:40 IST" duration-ms="2160" status="PASS">
          <params>
            <param index="0">
              <value>
                <![CDATA[windows]]>
              </value>
            </param>
            <param index="1">
              <value>
                <![CDATA[chrome]]>
              </value>
            </param>
          </params>
          <reporter-output>
          </reporter-output>
        </test-method> <!-- setup -->
        <test-method signature="logintest()[pri:0, instance:testcases.TC_002_Verifylogin@1aa7ecca]" started-at="2024-03-05T20:08:40 IST" name="logintest" finished-at="2024-03-05T20:08:42 IST" duration-ms="2171" status="PASS">
          <reporter-output>
          </reporter-output>
        </test-method> <!-- logintest -->
      </class> <!-- testcases.TC_002_Verifylogin -->
    </test> <!-- Test -->
  </suite> <!-- Suite -->
</testng-results>
