<?xml version="1.0" encoding="UTF-8"?>
<testng-results ignored="0" total="2" passed="2" failed="0" skipped="0">
  <reporter-output>
  </reporter-output>
  <suite started-at="2024-03-14T14:24:03 IST" name="Suite" finished-at="2024-03-14T14:24:12 IST" duration-ms="8317">
    <groups>
      <group name="master">
        <method signature="TC_004_Verifysearchproduct.testsearch()[pri:0, instance:testcases.TC_004_Verifysearchproduct@4f80542f]" name="testsearch" class="testcases.TC_004_Verifysearchproduct"/>
        <method signature="TC_005_AddtocartpageTest.addtocarttest()[pri:0, instance:testcases.TC_005_AddtocartpageTest@4d5650ae]" name="addtocarttest" class="testcases.TC_005_AddtocartpageTest"/>
      </group> <!-- master -->
    </groups>
    <test started-at="2024-03-14T14:24:03 IST" name="Test" finished-at="2024-03-14T14:24:12 IST" duration-ms="8317">
      <class name="testcases.TC_004_Verifysearchproduct">
        <test-method is-config="true" signature="setup(java.lang.String,java.lang.String)[pri:0, instance:testcases.TC_004_Verifysearchproduct@4f80542f]" started-at="2024-03-14T14:24:04 IST" name="setup" finished-at="2024-03-14T14:24:06 IST" duration-ms="2750" status="PASS">
          <params>
            <param index="0">
              <value>
                <![CDATA[windows]]>
              </value>
            </param>
            <param index="1">
              <value>
                <![CDATA[chrome]]>
              </value>
            </param>
          </params>
          <reporter-output>
          </reporter-output>
        </test-method> <!-- setup -->
        <test-method signature="testsearch()[pri:0, instance:testcases.TC_004_Verifysearchproduct@4f80542f]" started-at="2024-03-14T14:24:06 IST" name="testsearch" finished-at="2024-03-14T14:24:08 IST" duration-ms="1435" status="PASS">
          <reporter-output>
          </reporter-output>
        </test-method> <!-- testsearch -->
      </class> <!-- testcases.TC_004_Verifysearchproduct -->
      <class name="testcases.TC_005_AddtocartpageTest">
        <test-method is-config="true" signature="setup(java.lang.String,java.lang.String)[pri:0, instance:testcases.TC_005_AddtocartpageTest@4d5650ae]" started-at="2024-03-14T14:24:08 IST" name="setup" finished-at="2024-03-14T14:24:10 IST" duration-ms="1737" status="PASS">
          <params>
            <param index="0">
              <value>
                <![CDATA[windows]]>
              </value>
            </param>
            <param index="1">
              <value>
                <![CDATA[chrome]]>
              </value>
            </param>
          </params>
          <reporter-output>
          </reporter-output>
        </test-method> <!-- setup -->
        <test-method signature="addtocarttest()[pri:0, instance:testcases.TC_005_AddtocartpageTest@4d5650ae]" started-at="2024-03-14T14:24:10 IST" name="addtocarttest" finished-at="2024-03-14T14:24:12 IST" duration-ms="2114" status="PASS">
          <reporter-output>
          </reporter-output>
        </test-method> <!-- addtocarttest -->
      </class> <!-- testcases.TC_005_AddtocartpageTest -->
    </test> <!-- Test -->
  </suite> <!-- Suite -->
</testng-results>
